<?xml version="1.0" encoding="UTF-8"?>
<!-- Generated by org.testng.reporters.JUnitReportReporter -->
<testsuite hostname="MKD-CORP-BCP076" failures="0" tests="1" name="com.cyient.test.FindACrusisesTest" time="30.649" errors="0" timestamp="2021-06-09T02:52:33 IST" skipped="0">
  <testcase classname="com.cyient.test.FindACrusisesTest" name="invalidCredentialTest" time="30.649"/>
  <system-out/>
</testsuite> <!-- com.cyient.test.FindACrusisesTest -->
