<?xml version="1.0" encoding="UTF-8"?>
<!-- Generated by org.testng.reporters.JUnitReportReporter -->
<testsuite hostname="MKD-CORP-BCP076" failures="0" tests="1" name="com.cyient.test.SignUpTest" time="31.397" errors="0" timestamp="2021-06-09T01:26:06 IST" skipped="0">
  <testcase classname="com.cyient.test.SignUpTest" name="signUpTest" time="31.397"/>
  <system-out/>
</testsuite> <!-- com.cyient.test.SignUpTest -->
